<?xml version="1.0" encoding="UTF-8"?>
<!-- Generated by org.testng.reporters.JUnitReportReporter -->
<testsuite hostname="usha" failures="0" tests="10" name="Runner.loginnobroker" time="63.260" errors="0" timestamp="2022-06-05T21:52:40 IST" skipped="0">
  <testcase classname="Runner.loginnobroker" name="loginApp" time="2.497"/>
  <system-out/>
  <testcase classname="Runner.loginnobroker" name="searchpapp" time="3.041"/>
  <system-out/>
  <testcase classname="Runner.loginnobroker" name="menuappoo" time="1.142"/>
  <system-out>
    <![CDATA[menu Done]]>
  </system-out>
  <testcase classname="Runner.loginnobroker" name="searapp" time="0.760"/>
  <system-out>
    <![CDATA[searching Done]]>
  </system-out>
  <testcase classname="Runner.loginnobroker" name="studyapp" time="6.315"/>
  <system-out/>
  <testcase classname="Runner.loginnobroker" name="aboutaa" time="15.753"/>
  <system-out>
    <![CDATA[rentapp Done]]>
  </system-out>
  <testcase classname="Runner.loginnobroker" name="rentalagr" time="18.560"/>
  <system-out>
    <![CDATA[assertions Done]]>
  </system-out>
  <testcase classname="Runner.loginnobroker" name="loancart" time="8.250"/>
  <system-out/>
  <testcase classname="Runner.loginnobroker" name="siteapp" time="1.421"/>
  <system-out/>
  <testcase classname="Runner.loginnobroker" name="infoapp" time="5.521"/>
  <system-out/>
</testsuite> <!-- Runner.loginnobroker -->
